<?xml version="1.0" encoding="UTF-8"?>
<!-- Generated by org.testng.reporters.JUnitReportReporter -->
<testsuite hostname="DESKTOP-VGKN8H9" failures="0" tests="1" name="verifyPracticePom.verifyPodioLogin" time="11.369" errors="0" timestamp="2022-01-28T22:38:50 PKT" skipped="0">
  <testcase classname="verifyPracticePom.verifyPodioLogin" name="verifyLogin" time="11.369"/>
  <system-out/>
</testsuite> <!-- verifyPracticePom.verifyPodioLogin -->
