<?xml version="1.0" encoding="UTF-8"?>
<!-- Generated by org.testng.reporters.JUnitReportReporter -->
<testsuite hostname="DESKTOP-VGKN8H9" failures="0" tests="1" name="com.mycompany.app.POMselenium" time="7.036" errors="0" timestamp="2022-01-28T19:16:39 PKT" skipped="0">
  <testcase classname="com.mycompany.app.POMselenium" name="pomSelenium" time="7.036"/>
  <system-out/>
</testsuite> <!-- com.mycompany.app.POMselenium -->
