<?xml version="1.0" encoding="UTF-8"?>
<!-- Generated by org.testng.reporters.JUnitReportReporter -->
<testsuite hostname="DESKTOP-VGKN8H9" failures="0" tests="1" name="com.wordpress.pages.verifyWordpressLogin" time="6.117" errors="0" timestamp="2022-01-28T21:04:45 PKT" skipped="0">
  <testcase classname="com.wordpress.pages.verifyWordpressLogin" name="verifyLogin" time="6.117"/>
  <system-out/>
</testsuite> <!-- com.wordpress.pages.verifyWordpressLogin -->
